  [1m[35m (17.7ms)[0m  [1m[34mSELECT sqlite_version(*)[0m
  [1m[35m (1.5ms)[0m  [1m[35mCREATE TABLE "schema_migrations" ("version" varchar NOT NULL PRIMARY KEY)[0m
  [1m[35m (1.4ms)[0m  [1m[35mCREATE TABLE "ar_internal_metadata" ("key" varchar NOT NULL PRIMARY KEY, "value" varchar, "created_at" datetime NOT NULL, "updated_at" datetime NOT NULL)[0m
  [1m[35m (0.1ms)[0m  [1m[34mSELECT "schema_migrations"."version" FROM "schema_migrations" ORDER BY "schema_migrations"."version" ASC[0m
Migrating to CreatePeople (20180319032902)
  [1m[35m (0.0ms)[0m  [1m[36mbegin transaction[0m
  [1m[35m (0.3ms)[0m  [1m[35mCREATE TABLE "people" ("id" INTEGER PRIMARY KEY AUTOINCREMENT NOT NULL, "name" varchar, "bio" text, "birthday" date, "created_at" datetime NOT NULL, "updated_at" datetime NOT NULL)[0m
  [1m[35mSQL (0.1ms)[0m  [1m[32mINSERT INTO "schema_migrations" ("version") VALUES (?)[0m  [["version", "20180319032902"]]
  [1m[35m (2.6ms)[0m  [1m[36mcommit transaction[0m
  [1m[36mActiveRecord::InternalMetadata Load (0.1ms)[0m  [1m[34mSELECT  "ar_internal_metadata".* FROM "ar_internal_metadata" WHERE "ar_internal_metadata"."key" = ? LIMIT ?[0m  [["key", "environment"], ["LIMIT", 1]]
  [1m[35m (0.0ms)[0m  [1m[36mbegin transaction[0m
  [1m[35mSQL (0.2ms)[0m  [1m[32mINSERT INTO "ar_internal_metadata" ("key", "value", "created_at", "updated_at") VALUES (?, ?, ?, ?)[0m  [["key", "environment"], ["value", "development"], ["created_at", "2018-03-19 03:29:22.550360"], ["updated_at", "2018-03-19 03:29:22.550360"]]
  [1m[35m (1.3ms)[0m  [1m[36mcommit transaction[0m
  [1m[35m (0.1ms)[0m  [1m[34mSELECT "schema_migrations"."version" FROM "schema_migrations" ORDER BY "schema_migrations"."version" ASC[0m
Started GET "/" for 127.0.0.1 at 2018-03-19 11:29:56 +0800
  [1m[35m (0.2ms)[0m  [1m[34mSELECT "schema_migrations"."version" FROM "schema_migrations" ORDER BY "schema_migrations"."version" ASC[0m
Processing by Rails::WelcomeController#index as HTML
  Rendering /usr/local/lib/ruby/gems/2.5.0/gems/railties-5.1.5/lib/rails/templates/rails/welcome/index.html.erb
  Rendered /usr/local/lib/ruby/gems/2.5.0/gems/railties-5.1.5/lib/rails/templates/rails/welcome/index.html.erb (2.0ms)
Completed 200 OK in 12ms (Views: 5.1ms | ActiveRecord: 0.0ms)


Started GET "/people" for 127.0.0.1 at 2018-03-19 11:30:03 +0800
Processing by PeopleController#index as HTML
  Rendering people/index.html.erb within layouts/application
  [1m[36mPerson Load (0.1ms)[0m  [1m[34mSELECT "people".* FROM "people"[0m
  Rendered people/index.html.erb within layouts/application (2.5ms)
Completed 200 OK in 548ms (Views: 544.6ms | ActiveRecord: 0.5ms)


Started GET "/people" for 127.0.0.1 at 2018-03-19 11:30:21 +0800
Processing by PeopleController#index as HTML
  Rendering people/index.html.erb within layouts/application
  [1m[36mPerson Load (0.3ms)[0m  [1m[34mSELECT "people".* FROM "people"[0m
  Rendered people/index.html.erb within layouts/application (26.5ms)
Completed 200 OK in 44ms (Views: 42.0ms | ActiveRecord: 0.3ms)


Started GET "/" for 127.0.0.1 at 2018-03-19 11:30:22 +0800
Processing by Rails::WelcomeController#index as HTML
  Rendering /usr/local/lib/ruby/gems/2.5.0/gems/railties-5.1.5/lib/rails/templates/rails/welcome/index.html.erb
  Rendered /usr/local/lib/ruby/gems/2.5.0/gems/railties-5.1.5/lib/rails/templates/rails/welcome/index.html.erb (2.0ms)
Completed 200 OK in 5ms (Views: 3.5ms | ActiveRecord: 0.0ms)


Started GET "/" for 127.0.0.1 at 2018-03-19 11:30:22 +0800
Processing by Rails::WelcomeController#index as HTML
  Rendering /usr/local/lib/ruby/gems/2.5.0/gems/railties-5.1.5/lib/rails/templates/rails/welcome/index.html.erb
  Rendered /usr/local/lib/ruby/gems/2.5.0/gems/railties-5.1.5/lib/rails/templates/rails/welcome/index.html.erb (1.8ms)
Completed 200 OK in 6ms (Views: 3.9ms | ActiveRecord: 0.0ms)


Started GET "/people" for 127.0.0.1 at 2018-03-19 11:30:32 +0800
Processing by PeopleController#index as HTML
  Rendering people/index.html.erb within layouts/application
  [1m[36mPerson Load (0.2ms)[0m  [1m[34mSELECT "people".* FROM "people"[0m
  Rendered people/index.html.erb within layouts/application (1.3ms)
Completed 200 OK in 17ms (Views: 15.5ms | ActiveRecord: 0.2ms)


Started GET "/people" for 127.0.0.1 at 2018-03-19 11:30:33 +0800
Processing by PeopleController#index as HTML
  Rendering people/index.html.erb within layouts/application
  [1m[36mPerson Load (0.3ms)[0m  [1m[34mSELECT "people".* FROM "people"[0m
  Rendered people/index.html.erb within layouts/application (1.4ms)
Completed 200 OK in 19ms (Views: 17.0ms | ActiveRecord: 0.3ms)


  [1m[35m (0.1ms)[0m  [1m[34mSELECT "schema_migrations"."version" FROM "schema_migrations" ORDER BY "schema_migrations"."version" ASC[0m
Migrating to CreateEvents (20180319033202)
  [1m[35m (0.0ms)[0m  [1m[36mbegin transaction[0m
  [1m[35m (0.1ms)[0m  [1m[34mSELECT sqlite_version(*)[0m
  [1m[35m (0.3ms)[0m  [1m[35mCREATE TABLE "events" ("id" INTEGER PRIMARY KEY AUTOINCREMENT NOT NULL, "name" varchar, "description" text, "is_pubic" boolean, "capacity" integer, "created_at" datetime NOT NULL, "updated_at" datetime NOT NULL)[0m
  [1m[35mSQL (0.2ms)[0m  [1m[32mINSERT INTO "schema_migrations" ("version") VALUES (?)[0m  [["version", "20180319033202"]]
  [1m[35m (1.6ms)[0m  [1m[36mcommit transaction[0m
  [1m[36mActiveRecord::InternalMetadata Load (0.1ms)[0m  [1m[34mSELECT  "ar_internal_metadata".* FROM "ar_internal_metadata" WHERE "ar_internal_metadata"."key" = ? LIMIT ?[0m  [["key", "environment"], ["LIMIT", 1]]
  [1m[35m (0.0ms)[0m  [1m[36mbegin transaction[0m
  [1m[35m (0.0ms)[0m  [1m[36mcommit transaction[0m
  [1m[35m (0.1ms)[0m  [1m[34mSELECT "schema_migrations"."version" FROM "schema_migrations" ORDER BY "schema_migrations"."version" ASC[0m
  [1m[35m (0.1ms)[0m  [1m[36mbegin transaction[0m
  [1m[35mSQL (0.4ms)[0m  [1m[32mINSERT INTO "events" ("name", "created_at", "updated_at") VALUES (?, ?, ?)[0m  [["name", "newE"], ["created_at", "2018-03-19 03:56:48.812985"], ["updated_at", "2018-03-19 03:56:48.812985"]]
  [1m[35m (1.6ms)[0m  [1m[36mcommit transaction[0m
DEPRECATION WARNING: Using a dynamic :controller segment in a route is deprecated and will be removed in Rails 5.2. (called from block in <top (required)> at /Users/jimmy/Documents/ruby_projects/demo/config/routes.rb:3)
DEPRECATION WARNING: Using a dynamic :action segment in a route is deprecated and will be removed in Rails 5.2. (called from block in <top (required)> at /Users/jimmy/Documents/ruby_projects/demo/config/routes.rb:3)
DEPRECATION WARNING: Using a dynamic :controller segment in a route is deprecated and will be removed in Rails 5.2. (called from block in <top (required)> at /Users/jimmy/Documents/ruby_projects/demo/config/routes.rb:3)
DEPRECATION WARNING: Using a dynamic :action segment in a route is deprecated and will be removed in Rails 5.2. (called from block in <top (required)> at /Users/jimmy/Documents/ruby_projects/demo/config/routes.rb:3)
Started GET "/people" for 127.0.0.1 at 2018-03-19 13:16:06 +0800
DEPRECATION WARNING: Using a dynamic :controller segment in a route is deprecated and will be removed in Rails 5.2. (called from block in <top (required)> at /Users/jimmy/Documents/ruby_projects/demo/config/routes.rb:3)
DEPRECATION WARNING: Using a dynamic :action segment in a route is deprecated and will be removed in Rails 5.2. (called from block in <top (required)> at /Users/jimmy/Documents/ruby_projects/demo/config/routes.rb:3)
  [1m[35m (0.1ms)[0m  [1m[34mSELECT "schema_migrations"."version" FROM "schema_migrations" ORDER BY "schema_migrations"."version" ASC[0m
Processing by PeopleController#index as HTML
  Rendering people/index.html.erb within layouts/application
  [1m[36mPerson Load (0.2ms)[0m  [1m[34mSELECT "people".* FROM "people"[0m
  Rendered people/index.html.erb within layouts/application (3.0ms)
Completed 200 OK in 250ms (Views: 240.2ms | ActiveRecord: 0.4ms)


Started GET "/" for 127.0.0.1 at 2018-03-19 13:16:07 +0800
Processing by Rails::WelcomeController#index as HTML
  Rendering /usr/local/lib/ruby/gems/2.5.0/gems/railties-5.1.5/lib/rails/templates/rails/welcome/index.html.erb
  Rendered /usr/local/lib/ruby/gems/2.5.0/gems/railties-5.1.5/lib/rails/templates/rails/welcome/index.html.erb (1.8ms)
Completed 200 OK in 6ms (Views: 3.6ms | ActiveRecord: 0.0ms)


Started GET "/events" for 127.0.0.1 at 2018-03-19 13:16:08 +0800
Processing by EventsController#index as HTML
  Rendering events/index.html.erb within layouts/application
  [1m[36mEvent Load (0.2ms)[0m  [1m[34mSELECT "events".* FROM "events"[0m
  Rendered events/index.html.erb within layouts/application (8.0ms)
Completed 200 OK in 24ms (Views: 21.0ms | ActiveRecord: 0.7ms)


Started GET "/events/new" for 127.0.0.1 at 2018-03-19 13:16:12 +0800
Processing by EventsController#new as HTML
  Rendering events/new.html.erb within layouts/application
  Rendered events/new.html.erb within layouts/application (16.1ms)
Completed 200 OK in 34ms (Views: 32.0ms | ActiveRecord: 0.0ms)


Started POST "/events/create" for 127.0.0.1 at 2018-03-19 13:16:23 +0800
Processing by EventsController#create as HTML
  Parameters: {"utf8"=>"✓", "authenticity_token"=>"q7PSlXiOW4bMKVcdLcXnBnAd8b0r3cG1BT30cxQFwpYYL3OTU5y27uQDOUCW0ixQ+RwFzhayLHGTIVVOEvt8WQ==", "event"=>{"name"=>"Test1", "description"=>"test"}, "commit"=>"Create"}
  [1m[35m (0.1ms)[0m  [1m[36mbegin transaction[0m
  [1m[35mSQL (0.4ms)[0m  [1m[32mINSERT INTO "events" ("name", "description", "created_at", "updated_at") VALUES (?, ?, ?, ?)[0m  [["name", "Test1"], ["description", "test"], ["created_at", "2018-03-19 05:16:23.931512"], ["updated_at", "2018-03-19 05:16:23.931512"]]
  [1m[35m (1.7ms)[0m  [1m[36mcommit transaction[0m
Redirected to http://localhost:3000/events/%23%3CEvent::ActiveRecord_Relation:0x00007fa554478230%3E
Completed 302 Found in 5ms (ActiveRecord: 2.1ms)


Started GET "/events/%23%3CEvent::ActiveRecord_Relation:0x00007fa554478230%3E" for 127.0.0.1 at 2018-03-19 13:16:23 +0800
  
AbstractController::ActionNotFound (The action '#<Event::ActiveRecord_Relation:0x00007fa554478230>' could not be found for EventsController):
  
actionpack (5.1.5) lib/abstract_controller/base.rb:119:in `process'
actionview (5.1.5) lib/action_view/rendering.rb:30:in `process'
actionpack (5.1.5) lib/action_controller/metal.rb:189:in `dispatch'
actionpack (5.1.5) lib/action_controller/metal.rb:253:in `dispatch'
actionpack (5.1.5) lib/action_dispatch/routing/route_set.rb:49:in `dispatch'
actionpack (5.1.5) lib/action_dispatch/routing/route_set.rb:31:in `serve'
actionpack (5.1.5) lib/action_dispatch/journey/router.rb:50:in `block in serve'
actionpack (5.1.5) lib/action_dispatch/journey/router.rb:33:in `each'
actionpack (5.1.5) lib/action_dispatch/journey/router.rb:33:in `serve'
actionpack (5.1.5) lib/action_dispatch/routing/route_set.rb:844:in `call'
rack (2.0.4) lib/rack/etag.rb:25:in `call'
rack (2.0.4) lib/rack/conditional_get.rb:25:in `call'
rack (2.0.4) lib/rack/head.rb:12:in `call'
rack (2.0.4) lib/rack/session/abstract/id.rb:232:in `context'
rack (2.0.4) lib/rack/session/abstract/id.rb:226:in `call'
actionpack (5.1.5) lib/action_dispatch/middleware/cookies.rb:613:in `call'
activerecord (5.1.5) lib/active_record/migration.rb:556:in `call'
actionpack (5.1.5) lib/action_dispatch/middleware/callbacks.rb:26:in `block in call'
activesupport (5.1.5) lib/active_support/callbacks.rb:97:in `run_callbacks'
actionpack (5.1.5) lib/action_dispatch/middleware/callbacks.rb:24:in `call'
actionpack (5.1.5) lib/action_dispatch/middleware/executor.rb:12:in `call'
actionpack (5.1.5) lib/action_dispatch/middleware/debug_exceptions.rb:59:in `call'
web-console (3.5.1) lib/web_console/middleware.rb:135:in `call_app'
web-console (3.5.1) lib/web_console/middleware.rb:28:in `block in call'
web-console (3.5.1) lib/web_console/middleware.rb:18:in `catch'
web-console (3.5.1) lib/web_console/middleware.rb:18:in `call'
actionpack (5.1.5) lib/action_dispatch/middleware/show_exceptions.rb:31:in `call'
railties (5.1.5) lib/rails/rack/logger.rb:36:in `call_app'
railties (5.1.5) lib/rails/rack/logger.rb:24:in `block in call'
activesupport (5.1.5) lib/active_support/tagged_logging.rb:69:in `block in tagged'
activesupport (5.1.5) lib/active_support/tagged_logging.rb:26:in `tagged'
activesupport (5.1.5) lib/active_support/tagged_logging.rb:69:in `tagged'
railties (5.1.5) lib/rails/rack/logger.rb:24:in `call'
sprockets-rails (3.2.1) lib/sprockets/rails/quiet_assets.rb:13:in `call'
actionpack (5.1.5) lib/action_dispatch/middleware/remote_ip.rb:79:in `call'
actionpack (5.1.5) lib/action_dispatch/middleware/request_id.rb:25:in `call'
rack (2.0.4) lib/rack/method_override.rb:22:in `call'
rack (2.0.4) lib/rack/runtime.rb:22:in `call'
activesupport (5.1.5) lib/active_support/cache/strategy/local_cache_middleware.rb:27:in `call'
actionpack (5.1.5) lib/action_dispatch/middleware/executor.rb:12:in `call'
actionpack (5.1.5) lib/action_dispatch/middleware/static.rb:125:in `call'
rack (2.0.4) lib/rack/sendfile.rb:111:in `call'
railties (5.1.5) lib/rails/engine.rb:522:in `call'
puma (3.11.3) lib/puma/configuration.rb:225:in `call'
puma (3.11.3) lib/puma/server.rb:624:in `handle_request'
puma (3.11.3) lib/puma/server.rb:438:in `process_client'
puma (3.11.3) lib/puma/server.rb:302:in `block in run'
puma (3.11.3) lib/puma/thread_pool.rb:120:in `block in spawn_thread'
Started GET "/events/new" for 127.0.0.1 at 2018-03-19 13:16:36 +0800
Processing by EventsController#new as HTML
  Rendering events/new.html.erb within layouts/application
  Rendered events/new.html.erb within layouts/application (1.6ms)
Completed 200 OK in 32ms (Views: 30.1ms | ActiveRecord: 0.0ms)


Started GET "/events" for 127.0.0.1 at 2018-03-19 13:18:05 +0800
DEPRECATION WARNING: Using a dynamic :controller segment in a route is deprecated and will be removed in Rails 5.2. (called from block in <top (required)> at /Users/jimmy/Documents/ruby_projects/demo/config/routes.rb:3)
DEPRECATION WARNING: Using a dynamic :action segment in a route is deprecated and will be removed in Rails 5.2. (called from block in <top (required)> at /Users/jimmy/Documents/ruby_projects/demo/config/routes.rb:3)
Processing by EventsController#index as HTML
  Rendering events/index.html.erb within layouts/application
  [1m[36mEvent Load (0.1ms)[0m  [1m[34mSELECT "events".* FROM "events"[0m
  Rendered events/index.html.erb within layouts/application (9.7ms)
Completed 200 OK in 29ms (Views: 25.9ms | ActiveRecord: 0.9ms)


Started GET "/events/new" for 127.0.0.1 at 2018-03-19 13:18:05 +0800
Processing by EventsController#new as HTML
Started GET "/events" for 127.0.0.1 at 2018-03-19 13:18:05 +0800
Processing by EventsController#index as HTML
  Rendering events/new.html.erb within layouts/application
  Rendered events/new.html.erb within layouts/application (1.9ms)
  Rendering events/index.html.erb within layouts/application
  [1m[36mEvent Load (0.2ms)[0m  [1m[34mSELECT "events".* FROM "events"[0m
  Rendered events/index.html.erb within layouts/application (2.6ms)
Completed 200 OK in 50ms (Views: 48.3ms | ActiveRecord: 0.0ms)


Completed 200 OK in 48ms (Views: 46.4ms | ActiveRecord: 0.2ms)


Started POST "/events/create" for 127.0.0.1 at 2018-03-19 13:18:14 +0800
Processing by EventsController#create as HTML
  Parameters: {"utf8"=>"✓", "authenticity_token"=>"uZ7ikkcZ3zpSR0AgheSVxA9WsreqRDfLn6K0vqrLNgIKAkOUbAsyUnptLn0+816ShldGxJcr2g8JvhWDrDWIzQ==", "event"=>{"name"=>"Test2", "description"=>"Test"}, "commit"=>"Create"}
  [1m[35m (0.1ms)[0m  [1m[36mbegin transaction[0m
  [1m[35mSQL (0.4ms)[0m  [1m[32mINSERT INTO "events" ("name", "description", "created_at", "updated_at") VALUES (?, ?, ?, ?)[0m  [["name", "Test2"], ["description", "Test"], ["created_at", "2018-03-19 05:18:14.722751"], ["updated_at", "2018-03-19 05:18:14.722751"]]
  [1m[35m (1.6ms)[0m  [1m[36mcommit transaction[0m
Redirected to http://localhost:3000/events
Completed 302 Found in 5ms (ActiveRecord: 2.0ms)


Started GET "/events" for 127.0.0.1 at 2018-03-19 13:18:14 +0800
Processing by EventsController#index as HTML
  Rendering events/index.html.erb within layouts/application
  [1m[36mEvent Load (0.4ms)[0m  [1m[34mSELECT "events".* FROM "events"[0m
  Rendered events/index.html.erb within layouts/application (9.1ms)
Completed 200 OK in 31ms (Views: 28.4ms | ActiveRecord: 0.4ms)


Started GET "/events/show/3" for 127.0.0.1 at 2018-03-19 13:18:21 +0800
  
AbstractController::ActionNotFound (The action 'show' could not be found for EventsController):
  
actionpack (5.1.5) lib/abstract_controller/base.rb:119:in `process'
actionview (5.1.5) lib/action_view/rendering.rb:30:in `process'
actionpack (5.1.5) lib/action_controller/metal.rb:189:in `dispatch'
actionpack (5.1.5) lib/action_controller/metal.rb:253:in `dispatch'
actionpack (5.1.5) lib/action_dispatch/routing/route_set.rb:49:in `dispatch'
actionpack (5.1.5) lib/action_dispatch/routing/route_set.rb:31:in `serve'
actionpack (5.1.5) lib/action_dispatch/journey/router.rb:50:in `block in serve'
actionpack (5.1.5) lib/action_dispatch/journey/router.rb:33:in `each'
actionpack (5.1.5) lib/action_dispatch/journey/router.rb:33:in `serve'
actionpack (5.1.5) lib/action_dispatch/routing/route_set.rb:844:in `call'
rack (2.0.4) lib/rack/etag.rb:25:in `call'
rack (2.0.4) lib/rack/conditional_get.rb:25:in `call'
rack (2.0.4) lib/rack/head.rb:12:in `call'
rack (2.0.4) lib/rack/session/abstract/id.rb:232:in `context'
rack (2.0.4) lib/rack/session/abstract/id.rb:226:in `call'
actionpack (5.1.5) lib/action_dispatch/middleware/cookies.rb:613:in `call'
activerecord (5.1.5) lib/active_record/migration.rb:556:in `call'
actionpack (5.1.5) lib/action_dispatch/middleware/callbacks.rb:26:in `block in call'
activesupport (5.1.5) lib/active_support/callbacks.rb:97:in `run_callbacks'
actionpack (5.1.5) lib/action_dispatch/middleware/callbacks.rb:24:in `call'
actionpack (5.1.5) lib/action_dispatch/middleware/executor.rb:12:in `call'
actionpack (5.1.5) lib/action_dispatch/middleware/debug_exceptions.rb:59:in `call'
web-console (3.5.1) lib/web_console/middleware.rb:135:in `call_app'
web-console (3.5.1) lib/web_console/middleware.rb:28:in `block in call'
web-console (3.5.1) lib/web_console/middleware.rb:18:in `catch'
web-console (3.5.1) lib/web_console/middleware.rb:18:in `call'
actionpack (5.1.5) lib/action_dispatch/middleware/show_exceptions.rb:31:in `call'
railties (5.1.5) lib/rails/rack/logger.rb:36:in `call_app'
railties (5.1.5) lib/rails/rack/logger.rb:24:in `block in call'
activesupport (5.1.5) lib/active_support/tagged_logging.rb:69:in `block in tagged'
activesupport (5.1.5) lib/active_support/tagged_logging.rb:26:in `tagged'
activesupport (5.1.5) lib/active_support/tagged_logging.rb:69:in `tagged'
railties (5.1.5) lib/rails/rack/logger.rb:24:in `call'
sprockets-rails (3.2.1) lib/sprockets/rails/quiet_assets.rb:13:in `call'
actionpack (5.1.5) lib/action_dispatch/middleware/remote_ip.rb:79:in `call'
actionpack (5.1.5) lib/action_dispatch/middleware/request_id.rb:25:in `call'
rack (2.0.4) lib/rack/method_override.rb:22:in `call'
rack (2.0.4) lib/rack/runtime.rb:22:in `call'
activesupport (5.1.5) lib/active_support/cache/strategy/local_cache_middleware.rb:27:in `call'
actionpack (5.1.5) lib/action_dispatch/middleware/executor.rb:12:in `call'
actionpack (5.1.5) lib/action_dispatch/middleware/static.rb:125:in `call'
rack (2.0.4) lib/rack/sendfile.rb:111:in `call'
railties (5.1.5) lib/rails/engine.rb:522:in `call'
puma (3.11.3) lib/puma/configuration.rb:225:in `call'
puma (3.11.3) lib/puma/server.rb:624:in `handle_request'
puma (3.11.3) lib/puma/server.rb:438:in `process_client'
puma (3.11.3) lib/puma/server.rb:302:in `block in run'
puma (3.11.3) lib/puma/thread_pool.rb:120:in `block in spawn_thread'
Started GET "/events" for 127.0.0.1 at 2018-03-19 13:18:24 +0800
Processing by EventsController#index as HTML
  Rendering events/index.html.erb within layouts/application
  [1m[36mEvent Load (0.4ms)[0m  [1m[34mSELECT "events".* FROM "events"[0m
  Rendered events/index.html.erb within layouts/application (4.5ms)
Completed 200 OK in 38ms (Views: 35.7ms | ActiveRecord: 0.4ms)


Started GET "/events" for 127.0.0.1 at 2018-03-19 15:11:09 +0800
DEPRECATION WARNING: Using a dynamic :controller segment in a route is deprecated and will be removed in Rails 5.2. (called from block in <top (required)> at /Users/jimmy/Documents/ruby_projects/demo/config/routes.rb:3)
DEPRECATION WARNING: Using a dynamic :action segment in a route is deprecated and will be removed in Rails 5.2. (called from block in <top (required)> at /Users/jimmy/Documents/ruby_projects/demo/config/routes.rb:3)
Processing by EventsController#index as HTML
  Rendering events/index.html.erb within layouts/application
  [1m[36mEvent Load (0.2ms)[0m  [1m[34mSELECT "events".* FROM "events"[0m
  Rendered events/index.html.erb within layouts/application (11.7ms)
Completed 200 OK in 33ms (Views: 28.7ms | ActiveRecord: 0.9ms)


Started GET "/events/edit/3" for 127.0.0.1 at 2018-03-19 15:11:16 +0800
Processing by EventsController#edit as HTML
  Parameters: {"id"=>"3"}
  [1m[36mEvent Load (0.3ms)[0m  [1m[34mSELECT  "events".* FROM "events" WHERE "events"."id" = ? LIMIT ?[0m  [["id", 3], ["LIMIT", 1]]
  Rendering events/edit.html.erb within layouts/application
  Rendered events/edit.html.erb within layouts/application (5.2ms)
Completed 200 OK in 27ms (Views: 22.0ms | ActiveRecord: 0.3ms)


Started GET "/events/destroy/3" for 127.0.0.1 at 2018-03-19 15:11:21 +0800
Processing by EventsController#destroy as HTML
  Parameters: {"id"=>"3"}
  [1m[36mEvent Load (0.1ms)[0m  [1m[34mSELECT  "events".* FROM "events" WHERE "events"."id" = ? LIMIT ?[0m  [["id", 3], ["LIMIT", 1]]
  [1m[35m (0.1ms)[0m  [1m[36mbegin transaction[0m
  [1m[35mSQL (0.5ms)[0m  [1m[31mDELETE FROM "events" WHERE "events"."id" = ?[0m  [["id", 3]]
  [1m[35m (1.9ms)[0m  [1m[36mcommit transaction[0m
Redirected to http://localhost:3000/events
Completed 302 Found in 5ms (ActiveRecord: 2.5ms)


Started GET "/events" for 127.0.0.1 at 2018-03-19 15:11:21 +0800
Processing by EventsController#index as HTML
  Rendering events/index.html.erb within layouts/application
  [1m[36mEvent Load (0.5ms)[0m  [1m[34mSELECT "events".* FROM "events"[0m
  Rendered events/index.html.erb within layouts/application (4.0ms)
Completed 200 OK in 21ms (Views: 19.5ms | ActiveRecord: 0.5ms)


Started GET "/events/new" for 127.0.0.1 at 2018-03-19 15:11:23 +0800
Processing by EventsController#new as HTML
  Rendering events/new.html.erb within layouts/application
  Rendered events/new.html.erb within layouts/application (1.6ms)
Completed 200 OK in 28ms (Views: 17.4ms | ActiveRecord: 0.0ms)


Started POST "/events/create" for 127.0.0.1 at 2018-03-19 15:11:38 +0800
Processing by EventsController#create as HTML
  Parameters: {"utf8"=>"✓", "authenticity_token"=>"ddsgbo/HwKHEYD6fO4kIjxQrSaALOZQPQ3+l0PSC2uXGR4FopNUtyexKUMKAnsPZnSq90zZWecvVYwTt8nxkKg==", "event"=>{"name"=>"Test3", "description"=>"test\r\nnew line"}, "commit"=>"Create"}
  [1m[35m (0.1ms)[0m  [1m[36mbegin transaction[0m
  [1m[35mSQL (0.5ms)[0m  [1m[32mINSERT INTO "events" ("name", "description", "created_at", "updated_at") VALUES (?, ?, ?, ?)[0m  [["name", "Test3"], ["description", "test\r\nnew line"], ["created_at", "2018-03-19 07:11:38.616046"], ["updated_at", "2018-03-19 07:11:38.616046"]]
  [1m[35m (1.7ms)[0m  [1m[36mcommit transaction[0m
Redirected to http://localhost:3000/events
Completed 302 Found in 6ms (ActiveRecord: 2.4ms)


Started GET "/events" for 127.0.0.1 at 2018-03-19 15:11:38 +0800
Processing by EventsController#index as HTML
  Rendering events/index.html.erb within layouts/application
  [1m[36mEvent Load (0.2ms)[0m  [1m[34mSELECT "events".* FROM "events"[0m
  Rendered events/index.html.erb within layouts/application (8.9ms)
Completed 200 OK in 26ms (Views: 24.3ms | ActiveRecord: 0.2ms)


Started GET "/events/show/4" for 127.0.0.1 at 2018-03-19 15:11:40 +0800
Processing by EventsController#show as HTML
  Parameters: {"id"=>"4"}
  [1m[36mEvent Load (0.2ms)[0m  [1m[34mSELECT  "events".* FROM "events" WHERE "events"."id" = ? LIMIT ?[0m  [["id", 4], ["LIMIT", 1]]
  Rendering events/show.html.erb within layouts/application
  Rendered events/show.html.erb within layouts/application (2.4ms)
Completed 200 OK in 22ms (Views: 18.9ms | ActiveRecord: 0.2ms)


Started GET "/events" for 127.0.0.1 at 2018-03-19 15:11:53 +0800
Processing by EventsController#index as HTML
  Rendering events/index.html.erb within layouts/application
  [1m[36mEvent Load (0.2ms)[0m  [1m[34mSELECT "events".* FROM "events"[0m
  Rendered events/index.html.erb within layouts/application (5.2ms)
Completed 200 OK in 20ms (Views: 18.2ms | ActiveRecord: 0.2ms)


Started GET "/events/edit/4" for 127.0.0.1 at 2018-03-19 15:11:56 +0800
Processing by EventsController#edit as HTML
  Parameters: {"id"=>"4"}
  [1m[36mEvent Load (0.2ms)[0m  [1m[34mSELECT  "events".* FROM "events" WHERE "events"."id" = ? LIMIT ?[0m  [["id", 4], ["LIMIT", 1]]
  Rendering events/edit.html.erb within layouts/application
  Rendered events/edit.html.erb within layouts/application (4.5ms)
Completed 200 OK in 22ms (Views: 19.6ms | ActiveRecord: 0.2ms)


Started PATCH "/events/update/4" for 127.0.0.1 at 2018-03-19 15:12:04 +0800
Processing by EventsController#update as HTML
  Parameters: {"utf8"=>"✓", "authenticity_token"=>"6egfcNd5hUr2vg18ATqwTexLpVwNSCKdyzWk64mi4SESezzJ/NnCFLOUxpqzjqU1nySpjhJcwJLPEpCScmSkew==", "event"=>{"name"=>"Test3", "description"=>"test\r\nnew line\r\nnew line"}, "commit"=>"Update", "id"=>"4"}
  [1m[36mEvent Load (0.1ms)[0m  [1m[34mSELECT  "events".* FROM "events" WHERE "events"."id" = ? LIMIT ?[0m  [["id", 4], ["LIMIT", 1]]
  [1m[35m (0.0ms)[0m  [1m[36mbegin transaction[0m
  [1m[35mSQL (1.1ms)[0m  [1m[33mUPDATE "events" SET "description" = ?, "updated_at" = ? WHERE "events"."id" = ?[0m  [["description", "test\r\nnew line\r\nnew line"], ["updated_at", "2018-03-19 07:12:04.823236"], ["id", 4]]
  [1m[35m (1.8ms)[0m  [1m[36mcommit transaction[0m
Redirected to http://localhost:3000/events/show/4
Completed 302 Found in 7ms (ActiveRecord: 3.1ms)


Started GET "/events/show/4" for 127.0.0.1 at 2018-03-19 15:12:04 +0800
Processing by EventsController#show as HTML
  Parameters: {"id"=>"4"}
  [1m[36mEvent Load (0.1ms)[0m  [1m[34mSELECT  "events".* FROM "events" WHERE "events"."id" = ? LIMIT ?[0m  [["id", 4], ["LIMIT", 1]]
  Rendering events/show.html.erb within layouts/application
  Rendered events/show.html.erb within layouts/application (1.2ms)
Completed 200 OK in 17ms (Views: 14.8ms | ActiveRecord: 0.1ms)


Started GET "/events" for 127.0.0.1 at 2018-03-19 15:12:06 +0800
Processing by EventsController#index as HTML
  Rendering events/index.html.erb within layouts/application
  [1m[36mEvent Load (0.2ms)[0m  [1m[34mSELECT "events".* FROM "events"[0m
  Rendered events/index.html.erb within layouts/application (2.6ms)
Completed 200 OK in 22ms (Views: 20.3ms | ActiveRecord: 0.2ms)


Started GET "/events/show/4" for 127.0.0.1 at 2018-03-19 15:12:54 +0800
Processing by EventsController#show as HTML
  Parameters: {"id"=>"4"}
  [1m[36mEvent Load (0.2ms)[0m  [1m[34mSELECT  "events".* FROM "events" WHERE "events"."id" = ? LIMIT ?[0m  [["id", 4], ["LIMIT", 1]]
  Rendering events/show.html.erb within layouts/application
  Rendered events/show.html.erb within layouts/application (1.1ms)
Completed 200 OK in 20ms (Views: 17.4ms | ActiveRecord: 0.2ms)


Started GET "/events" for 127.0.0.1 at 2018-03-19 15:13:06 +0800
Processing by EventsController#index as HTML
  Rendering events/index.html.erb within layouts/application
  [1m[36mEvent Load (0.3ms)[0m  [1m[34mSELECT "events".* FROM "events"[0m
  Rendered events/index.html.erb within layouts/application (2.5ms)
Completed 200 OK in 25ms (Views: 23.3ms | ActiveRecord: 0.3ms)


Started GET "/events/destroy/1" for 127.0.0.1 at 2018-03-19 15:20:21 +0800
Processing by EventsController#destroy as HTML
  Parameters: {"id"=>"1"}
  [1m[36mEvent Load (0.2ms)[0m  [1m[34mSELECT  "events".* FROM "events" WHERE "events"."id" = ? LIMIT ?[0m  [["id", 1], ["LIMIT", 1]]
  [1m[35m (0.1ms)[0m  [1m[36mbegin transaction[0m
  [1m[35mSQL (0.3ms)[0m  [1m[31mDELETE FROM "events" WHERE "events"."id" = ?[0m  [["id", 1]]
  [1m[35m (1.4ms)[0m  [1m[36mcommit transaction[0m
Redirected to http://localhost:3000/events
Completed 302 Found in 5ms (ActiveRecord: 1.9ms)


Started GET "/events" for 127.0.0.1 at 2018-03-19 15:20:21 +0800
Processing by EventsController#index as HTML
  Rendering events/index.html.erb within layouts/application
  [1m[36mEvent Load (0.2ms)[0m  [1m[34mSELECT "events".* FROM "events"[0m
  Rendered events/index.html.erb within layouts/application (2.0ms)
Completed 200 OK in 21ms (Views: 19.9ms | ActiveRecord: 0.2ms)


Started GET "/events/show/2" for 127.0.0.1 at 2018-03-19 15:20:25 +0800
Processing by EventsController#show as HTML
  Parameters: {"id"=>"2"}
  [1m[36mEvent Load (0.1ms)[0m  [1m[34mSELECT  "events".* FROM "events" WHERE "events"."id" = ? LIMIT ?[0m  [["id", 2], ["LIMIT", 1]]
  Rendering events/show.html.erb within layouts/application
  Rendered events/show.html.erb within layouts/application (1.3ms)
Completed 200 OK in 20ms (Views: 17.9ms | ActiveRecord: 0.1ms)


Started GET "/events" for 127.0.0.1 at 2018-03-19 15:20:27 +0800
Processing by EventsController#index as HTML
  Rendering events/index.html.erb within layouts/application
  [1m[36mEvent Load (0.2ms)[0m  [1m[34mSELECT "events".* FROM "events"[0m
  Rendered events/index.html.erb within layouts/application (2.3ms)
Completed 200 OK in 20ms (Views: 18.1ms | ActiveRecord: 0.2ms)


Started GET "/events/show/4" for 127.0.0.1 at 2018-03-19 15:20:32 +0800
Processing by EventsController#show as HTML
  Parameters: {"id"=>"4"}
  [1m[36mEvent Load (0.1ms)[0m  [1m[34mSELECT  "events".* FROM "events" WHERE "events"."id" = ? LIMIT ?[0m  [["id", 4], ["LIMIT", 1]]
  Rendering events/show.html.erb within layouts/application
  Rendered events/show.html.erb within layouts/application (1.1ms)
Completed 200 OK in 20ms (Views: 17.4ms | ActiveRecord: 0.1ms)


Started GET "/events" for 127.0.0.1 at 2018-03-19 15:20:34 +0800
Processing by EventsController#index as HTML
  Rendering events/index.html.erb within layouts/application
  [1m[36mEvent Load (0.2ms)[0m  [1m[34mSELECT "events".* FROM "events"[0m
  Rendered events/index.html.erb within layouts/application (5.9ms)
Completed 200 OK in 21ms (Views: 19.4ms | ActiveRecord: 0.2ms)


Started GET "/events/edit/4" for 127.0.0.1 at 2018-03-19 15:20:37 +0800
Processing by EventsController#edit as HTML
  Parameters: {"id"=>"4"}
  [1m[36mEvent Load (0.2ms)[0m  [1m[34mSELECT  "events".* FROM "events" WHERE "events"."id" = ? LIMIT ?[0m  [["id", 4], ["LIMIT", 1]]
  Rendering events/edit.html.erb within layouts/application
  Rendered events/edit.html.erb within layouts/application (1.5ms)
Completed 200 OK in 20ms (Views: 17.1ms | ActiveRecord: 0.2ms)


Started GET "/events/show/2" for 127.0.0.1 at 2018-03-19 15:20:49 +0800
Processing by EventsController#show as HTML
  Parameters: {"id"=>"2"}
  [1m[36mEvent Load (0.1ms)[0m  [1m[34mSELECT  "events".* FROM "events" WHERE "events"."id" = ? LIMIT ?[0m  [["id", 2], ["LIMIT", 1]]
  Rendering events/show.html.erb within layouts/application
  Rendered events/show.html.erb within layouts/application (1.1ms)
Completed 200 OK in 22ms (Views: 19.7ms | ActiveRecord: 0.1ms)


Started GET "/events" for 127.0.0.1 at 2018-03-19 15:20:50 +0800
Processing by EventsController#index as HTML
  Rendering events/index.html.erb within layouts/application
  [1m[36mEvent Load (0.2ms)[0m  [1m[34mSELECT "events".* FROM "events"[0m
  Rendered events/index.html.erb within layouts/application (2.1ms)
Completed 200 OK in 21ms (Views: 19.6ms | ActiveRecord: 0.2ms)


Started GET "/events" for 127.0.0.1 at 2018-03-19 15:45:08 +0800
Processing by EventsController#index as HTML
  Rendering events/index.html.erb within layouts/application
  [1m[36mEvent Load (0.2ms)[0m  [1m[34mSELECT "events".* FROM "events"[0m
  Rendered events/index.html.erb within layouts/application (3.0ms)
Completed 200 OK in 30ms (Views: 28.2ms | ActiveRecord: 0.2ms)


Started GET "/events/show/2" for 127.0.0.1 at 2018-03-19 15:45:10 +0800
Processing by EventsController#show as HTML
  Parameters: {"id"=>"2"}
  [1m[36mEvent Load (0.2ms)[0m  [1m[34mSELECT  "events".* FROM "events" WHERE "events"."id" = ? LIMIT ?[0m  [["id", 2], ["LIMIT", 1]]
  Rendering events/show.html.erb within layouts/application
  Rendered events/show.html.erb within layouts/application (1.4ms)
Completed 200 OK in 29ms (Views: 16.7ms | ActiveRecord: 0.2ms)


Started GET "/events" for 127.0.0.1 at 2018-03-19 15:45:12 +0800
Processing by EventsController#index as HTML
  Rendering events/index.html.erb within layouts/application
  [1m[36mEvent Load (0.3ms)[0m  [1m[34mSELECT "events".* FROM "events"[0m
  Rendered events/index.html.erb within layouts/application (2.6ms)
Completed 200 OK in 23ms (Views: 21.8ms | ActiveRecord: 0.3ms)


Started GET "/events/edit/2" for 127.0.0.1 at 2018-03-19 15:45:13 +0800
Processing by EventsController#edit as HTML
  Parameters: {"id"=>"2"}
  [1m[36mEvent Load (0.1ms)[0m  [1m[34mSELECT  "events".* FROM "events" WHERE "events"."id" = ? LIMIT ?[0m  [["id", 2], ["LIMIT", 1]]
  Rendering events/edit.html.erb within layouts/application
  Rendered events/_form.html.erb (0.7ms)
  Rendered events/edit.html.erb within layouts/application (4.2ms)
Completed 200 OK in 24ms (Views: 21.3ms | ActiveRecord: 0.1ms)


Started GET "/events/new" for 127.0.0.1 at 2018-03-19 15:45:21 +0800
Processing by EventsController#new as HTML
  Rendering events/new.html.erb within layouts/application
  Rendered events/_form.html.erb (0.5ms)
  Rendered events/new.html.erb within layouts/application (2.6ms)
Completed 200 OK in 23ms (Views: 21.3ms | ActiveRecord: 0.0ms)


DEPRECATION WARNING: Using a dynamic :controller segment in a route is deprecated and will be removed in Rails 5.2. (called from block in <top (required)> at /Users/jimmy/Documents/ruby_projects/demo/config/routes.rb:3)
DEPRECATION WARNING: Using a dynamic :action segment in a route is deprecated and will be removed in Rails 5.2. (called from block in <top (required)> at /Users/jimmy/Documents/ruby_projects/demo/config/routes.rb:3)
Started GET "/" for 127.0.0.1 at 2018-03-20 21:11:08 +0800
  [1m[35m (0.4ms)[0m  [1m[34mSELECT "schema_migrations"."version" FROM "schema_migrations" ORDER BY "schema_migrations"."version" ASC[0m
Processing by Rails::WelcomeController#index as HTML
  Rendering /usr/local/lib/ruby/gems/2.5.0/gems/railties-5.1.5/lib/rails/templates/rails/welcome/index.html.erb
  Rendered /usr/local/lib/ruby/gems/2.5.0/gems/railties-5.1.5/lib/rails/templates/rails/welcome/index.html.erb (47.4ms)
Completed 200 OK in 88ms (Views: 61.7ms | ActiveRecord: 0.0ms)


Started GET "/events" for 127.0.0.1 at 2018-03-20 21:11:19 +0800
Processing by EventsController#index as HTML
  Rendering events/index.html.erb within layouts/application
  [1m[36mEvent Load (12.6ms)[0m  [1m[34mSELECT "events".* FROM "events"[0m
  Rendered events/index.html.erb within layouts/application (39.9ms)
Completed 200 OK in 2785ms (Views: 2744.6ms | ActiveRecord: 13.5ms)


Started GET "/events/edit/4" for 127.0.0.1 at 2018-03-20 21:11:25 +0800
Processing by EventsController#edit as HTML
  Parameters: {"id"=>"4"}
  [1m[36mEvent Load (0.3ms)[0m  [1m[34mSELECT  "events".* FROM "events" WHERE "events"."id" = ? LIMIT ?[0m  [["id", 4], ["LIMIT", 1]]
  Rendering events/edit.html.erb within layouts/application
  Rendered events/_form.html.erb (38.1ms)
  Rendered events/edit.html.erb within layouts/application (40.8ms)
Completed 200 OK in 72ms (Views: 53.9ms | ActiveRecord: 0.3ms)


Started PATCH "/events/update/4" for 127.0.0.1 at 2018-03-20 21:11:33 +0800
Processing by EventsController#update as HTML
  Parameters: {"utf8"=>"✓", "authenticity_token"=>"VrwI1i+I/hFJbEPMb4TMOB3y0+tu5O+AyXJYtyZQ1dIrZMsvSoyusaqMe+sjsUo0w5lfnu1xuNcvXrvE2mHYqQ==", "event"=>{"name"=>"", "description"=>"test\r\nnew line\r\nnew line"}, "commit"=>"Update", "id"=>"4"}
  [1m[36mEvent Load (0.2ms)[0m  [1m[34mSELECT  "events".* FROM "events" WHERE "events"."id" = ? LIMIT ?[0m  [["id", 4], ["LIMIT", 1]]
  [1m[35m (0.1ms)[0m  [1m[36mbegin transaction[0m
  [1m[35m (0.1ms)[0m  [1m[31mrollback transaction[0m
  Rendering events/edit.html.erb within layouts/application
  Rendered events/_form.html.erb (1.5ms)
  Rendered events/edit.html.erb within layouts/application (5.2ms)
Completed 200 OK in 140ms (Views: 57.4ms | ActiveRecord: 0.3ms)


Started GET "/events" for 127.0.0.1 at 2018-03-20 21:16:48 +0800
Processing by EventsController#index as HTML
  Rendering events/index.html.erb within layouts/application
  [1m[36mEvent Load (0.3ms)[0m  [1m[34mSELECT "events".* FROM "events"[0m
  Rendered events/index.html.erb within layouts/application (3.1ms)
Completed 200 OK in 28ms (Views: 26.1ms | ActiveRecord: 0.3ms)


Started GET "/events" for 127.0.0.1 at 2018-03-20 21:16:49 +0800
Processing by EventsController#index as HTML
  Rendering events/index.html.erb within layouts/application
  [1m[36mEvent Load (0.2ms)[0m  [1m[34mSELECT "events".* FROM "events"[0m
  Rendered events/index.html.erb within layouts/application (2.0ms)
Completed 200 OK in 21ms (Views: 19.4ms | ActiveRecord: 0.2ms)


Started GET "/events/new" for 127.0.0.1 at 2018-03-20 21:16:50 +0800
Processing by EventsController#new as HTML
  Rendering events/new.html.erb within layouts/application
  Rendered events/_form.html.erb (0.8ms)
  Rendered events/new.html.erb within layouts/application (3.9ms)
Completed 200 OK in 60ms (Views: 46.9ms | ActiveRecord: 0.0ms)


Started POST "/events/create" for 127.0.0.1 at 2018-03-20 21:17:02 +0800
Processing by EventsController#create as HTML
  Parameters: {"utf8"=>"✓", "authenticity_token"=>"JH0yCBkmjKr8f7c2SgLQ3QPUqAHsbBlLddjXSCtDXJaoo/zoX1YluU/IUNr3rTD+YMRwznFyNyN/zpKHTtRzNA==", "event"=>{"name"=>"s", "description"=>"dfsdf"}, "commit"=>"Create"}
  [1m[35m (0.2ms)[0m  [1m[36mbegin transaction[0m
  [1m[35mSQL (36.2ms)[0m  [1m[32mINSERT INTO "events" ("name", "description", "created_at", "updated_at") VALUES (?, ?, ?, ?)[0m  [["name", "s"], ["description", "dfsdf"], ["created_at", "2018-03-20 13:17:02.234994"], ["updated_at", "2018-03-20 13:17:02.234994"]]
  [1m[35m (16.8ms)[0m  [1m[36mcommit transaction[0m
Redirected to http://localhost:3000/events
Completed 302 Found in 97ms (ActiveRecord: 53.1ms)


Started GET "/events" for 127.0.0.1 at 2018-03-20 21:17:02 +0800
Processing by EventsController#index as HTML
  Rendering events/index.html.erb within layouts/application
  [1m[36mEvent Load (0.3ms)[0m  [1m[34mSELECT "events".* FROM "events"[0m
  Rendered events/index.html.erb within layouts/application (4.5ms)
Completed 200 OK in 155ms (Views: 153.1ms | ActiveRecord: 0.3ms)


Started GET "/events" for 127.0.0.1 at 2018-03-20 21:17:46 +0800
DEPRECATION WARNING: Using a dynamic :controller segment in a route is deprecated and will be removed in Rails 5.2. (called from block in <top (required)> at /Users/jimmy/Documents/ruby_projects/demo/config/routes.rb:3)
DEPRECATION WARNING: Using a dynamic :action segment in a route is deprecated and will be removed in Rails 5.2. (called from block in <top (required)> at /Users/jimmy/Documents/ruby_projects/demo/config/routes.rb:3)
Processing by EventsController#index as HTML
  Rendering events/index.html.erb within layouts/application
  [1m[36mEvent Load (0.7ms)[0m  [1m[34mSELECT "events".* FROM "events"[0m
  Rendered events/index.html.erb within layouts/application (12.9ms)
Completed 200 OK in 44ms (Views: 40.3ms | ActiveRecord: 1.5ms)


Started GET "/events/new" for 127.0.0.1 at 2018-03-20 21:17:49 +0800
Processing by EventsController#new as HTML
  Rendering events/new.html.erb within layouts/application
  Rendered events/_form.html.erb (0.7ms)
  Rendered events/new.html.erb within layouts/application (6.1ms)
Completed 200 OK in 47ms (Views: 20.3ms | ActiveRecord: 0.0ms)


Started POST "/events/create" for 127.0.0.1 at 2018-03-20 21:17:58 +0800
Processing by EventsController#create as HTML
  Parameters: {"utf8"=>"✓", "authenticity_token"=>"vzOyhRB6k14zkKIFXzeaPies4HP/yWlTirUrZbcnaLcz7XxlVgo6TYAnRenimHodRLw4vGLXRzuAo26q0rBHFQ==", "event"=>{"name"=>"Test4", "description"=>"pdf"}, "commit"=>"Create"}
  [1m[35m (0.1ms)[0m  [1m[36mbegin transaction[0m
  [1m[35mSQL (0.7ms)[0m  [1m[32mINSERT INTO "events" ("name", "description", "created_at", "updated_at") VALUES (?, ?, ?, ?)[0m  [["name", "Test4"], ["description", "pdf"], ["created_at", "2018-03-20 13:17:58.281140"], ["updated_at", "2018-03-20 13:17:58.281140"]]
  [1m[35m (37.5ms)[0m  [1m[36mcommit transaction[0m
Redirected to http://localhost:3000/events
Completed 302 Found in 42ms (ActiveRecord: 38.3ms)


Started GET "/events" for 127.0.0.1 at 2018-03-20 21:17:58 +0800
Processing by EventsController#index as HTML
  Rendering events/index.html.erb within layouts/application
  [1m[36mEvent Load (0.2ms)[0m  [1m[34mSELECT "events".* FROM "events"[0m
  Rendered events/index.html.erb within layouts/application (3.2ms)
Completed 200 OK in 38ms (Views: 35.4ms | ActiveRecord: 0.2ms)


Started GET "/events/new" for 127.0.0.1 at 2018-03-20 21:18:05 +0800
Processing by EventsController#new as HTML
  Rendering events/new.html.erb within layouts/application
  Rendered events/_form.html.erb (0.6ms)
  Rendered events/new.html.erb within layouts/application (4.8ms)
Completed 200 OK in 46ms (Views: 41.5ms | ActiveRecord: 0.0ms)


Started POST "/events/create" for 127.0.0.1 at 2018-03-20 21:18:16 +0800
Processing by EventsController#create as HTML
  Parameters: {"utf8"=>"✓", "authenticity_token"=>"91vuypzbehrnd+i10ddISAqyq5CHUKxRMyPJHMS77Fd7hSAq2qvTCVTAD1lseKhraaJzXxpOgjk5NYzToSzD9Q==", "event"=>{"name"=>"Test5", "description"=>"sad"}, "commit"=>"Create"}
  [1m[35m (0.1ms)[0m  [1m[36mbegin transaction[0m
  [1m[35mSQL (0.3ms)[0m  [1m[32mINSERT INTO "events" ("name", "description", "created_at", "updated_at") VALUES (?, ?, ?, ?)[0m  [["name", "Test5"], ["description", "sad"], ["created_at", "2018-03-20 13:18:16.943726"], ["updated_at", "2018-03-20 13:18:16.943726"]]
  [1m[35m (2.6ms)[0m  [1m[36mcommit transaction[0m
Redirected to http://localhost:3000/events
Completed 302 Found in 7ms (ActiveRecord: 3.0ms)


Started GET "/events" for 127.0.0.1 at 2018-03-20 21:18:16 +0800
Processing by EventsController#index as HTML
  Rendering events/index.html.erb within layouts/application
  [1m[36mEvent Load (0.2ms)[0m  [1m[34mSELECT "events".* FROM "events"[0m
  Rendered events/index.html.erb within layouts/application (3.4ms)
Completed 200 OK in 32ms (Views: 29.7ms | ActiveRecord: 0.2ms)


DEPRECATION WARNING: Using a dynamic :controller segment in a route is deprecated and will be removed in Rails 5.2. (called from block in <top (required)> at /Users/jimmy/Documents/ruby_projects/demo/config/routes.rb:3)
DEPRECATION WARNING: Using a dynamic :action segment in a route is deprecated and will be removed in Rails 5.2. (called from block in <top (required)> at /Users/jimmy/Documents/ruby_projects/demo/config/routes.rb:3)
Started GET "/events" for 127.0.0.1 at 2018-03-20 21:27:57 +0800
DEPRECATION WARNING: Using a dynamic :controller segment in a route is deprecated and will be removed in Rails 5.2. (called from block in <top (required)> at /Users/jimmy/Documents/ruby_projects/demo/config/routes.rb:3)
DEPRECATION WARNING: Using a dynamic :action segment in a route is deprecated and will be removed in Rails 5.2. (called from block in <top (required)> at /Users/jimmy/Documents/ruby_projects/demo/config/routes.rb:3)
  [1m[35m (0.5ms)[0m  [1m[34mSELECT "schema_migrations"."version" FROM "schema_migrations" ORDER BY "schema_migrations"."version" ASC[0m
Processing by EventsController#index as HTML
  Rendering events/index.html.erb within layouts/application
  [1m[35m (0.1ms)[0m  [1m[34mSELECT COUNT(*) FROM "events"[0m
  [1m[36mEvent Load (0.2ms)[0m  [1m[34mSELECT  "events".* FROM "events" LIMIT ? OFFSET ?[0m  [["LIMIT", 5], ["OFFSET", 0]]
  Rendered events/index.html.erb within layouts/application (46.6ms)
Completed 200 OK in 208ms (Views: 196.4ms | ActiveRecord: 1.4ms)


Started GET "/events/new" for 127.0.0.1 at 2018-03-20 21:28:00 +0800
Processing by EventsController#new as HTML
  Rendering events/new.html.erb within layouts/application
  Rendered events/_form.html.erb (4.7ms)
  Rendered events/new.html.erb within layouts/application (7.5ms)
Completed 200 OK in 46ms (Views: 43.9ms | ActiveRecord: 0.0ms)


Started POST "/events/create" for 127.0.0.1 at 2018-03-20 21:28:09 +0800
Processing by EventsController#create as HTML
  Parameters: {"utf8"=>"✓", "authenticity_token"=>"c6mIwpwEwOgU4U/BBG54Nld+6ujQlToDTYGFlPllXNn/d0Yi2nRp+6dWqC25wZgVNG4yJ02LFGtHl8BbnPJzew==", "event"=>{"name"=>"Tesa", "description"=>"pdf"}, "commit"=>"Create"}
  [1m[35m (0.1ms)[0m  [1m[36mbegin transaction[0m
  [1m[35mSQL (0.3ms)[0m  [1m[32mINSERT INTO "events" ("name", "description", "created_at", "updated_at") VALUES (?, ?, ?, ?)[0m  [["name", "Tesa"], ["description", "pdf"], ["created_at", "2018-03-20 13:28:09.225939"], ["updated_at", "2018-03-20 13:28:09.225939"]]
  [1m[35m (34.1ms)[0m  [1m[36mcommit transaction[0m
Redirected to http://localhost:3000/events
Completed 302 Found in 38ms (ActiveRecord: 34.5ms)


Started GET "/events" for 127.0.0.1 at 2018-03-20 21:28:09 +0800
Processing by EventsController#index as HTML
  Rendering events/index.html.erb within layouts/application
  [1m[35m (0.2ms)[0m  [1m[34mSELECT COUNT(*) FROM "events"[0m
  [1m[36mEvent Load (0.4ms)[0m  [1m[34mSELECT  "events".* FROM "events" LIMIT ? OFFSET ?[0m  [["LIMIT", 5], ["OFFSET", 0]]
  Rendered events/index.html.erb within layouts/application (25.9ms)
Completed 200 OK in 51ms (Views: 48.9ms | ActiveRecord: 0.6ms)


Started GET "/events?page=2" for 127.0.0.1 at 2018-03-20 21:28:12 +0800
Processing by EventsController#index as HTML
  Parameters: {"page"=>"2"}
  Rendering events/index.html.erb within layouts/application
  [1m[35m (0.2ms)[0m  [1m[34mSELECT COUNT(*) FROM "events"[0m
  [1m[36mEvent Load (0.2ms)[0m  [1m[34mSELECT  "events".* FROM "events" LIMIT ? OFFSET ?[0m  [["LIMIT", 5], ["OFFSET", 5]]
  Rendered events/index.html.erb within layouts/application (23.9ms)
Completed 200 OK in 58ms (Views: 54.7ms | ActiveRecord: 0.4ms)


Started GET "/events" for 127.0.0.1 at 2018-03-20 21:28:15 +0800
Processing by EventsController#index as HTML
  Rendering events/index.html.erb within layouts/application
  [1m[35m (0.2ms)[0m  [1m[34mSELECT COUNT(*) FROM "events"[0m
  [1m[36mEvent Load (0.6ms)[0m  [1m[34mSELECT  "events".* FROM "events" LIMIT ? OFFSET ?[0m  [["LIMIT", 5], ["OFFSET", 0]]
  Rendered events/index.html.erb within layouts/application (21.1ms)
Completed 200 OK in 57ms (Views: 53.8ms | ActiveRecord: 0.8ms)


